<?xml version="1.0" encoding="UTF-8"?>
<testsuite name="br.com.rudolfoborges.core.service.CampaignServiceImplTest" tests="6" skipped="0" failures="0" errors="0" timestamp="2017-07-28T09:51:16" hostname="Rudolfos-MBP" time="0.082">
  <properties/>
  <testcase name="shouldNotUpdateAndNotify" classname="br.com.rudolfoborges.core.service.CampaignServiceImplTest" time="0.016"/>
  <testcase name="shouldNotfindOne" classname="br.com.rudolfoborges.core.service.CampaignServiceImplTest" time="0.002"/>
  <testcase name="shouldCreateCampaign" classname="br.com.rudolfoborges.core.service.CampaignServiceImplTest" time="0.025"/>
  <testcase name="shouldUpdateAndNotify" classname="br.com.rudolfoborges.core.service.CampaignServiceImplTest" time="0.008"/>
  <testcase name="findWithFovouritoTeam" classname="br.com.rudolfoborges.core.service.CampaignServiceImplTest" time="0.022"/>
  <testcase name="findWithoutFovouritoTeam" classname="br.com.rudolfoborges.core.service.CampaignServiceImplTest" time="0.001"/>
  <system-out><![CDATA[]]></system-out>
  <system-err><![CDATA[]]></system-err>
</testsuite>
